[debug] [2021-04-15T21:17:56.167Z] ----------------------------------------------------------------------
[debug] [2021-04-15T21:17:56.169Z] Command:       C:\Program Files\nodejs\node.exe C:\Users\finnb\AppData\Roaming\npm\node_modules\firebase-tools\lib\bin\firebase.js deploy
[debug] [2021-04-15T21:17:56.170Z] CLI Version:   9.9.0
[debug] [2021-04-15T21:17:56.170Z] Platform:      win32
[debug] [2021-04-15T21:17:56.170Z] Node Version:  v12.3.0
[debug] [2021-04-15T21:17:56.172Z] Time:          Thu Apr 15 2021 23:17:56 GMT+0200 (Central European Summer Time)
[debug] [2021-04-15T21:17:56.172Z] ----------------------------------------------------------------------
[debug] 
[debug] [2021-04-15T21:17:56.182Z] > command requires scopes: ["email","openid","https://www.googleapis.com/auth/cloudplatformprojects.readonly","https://www.googleapis.com/auth/firebase","https://www.googleapis.com/auth/cloud-platform"]
[debug] [2021-04-15T21:17:56.183Z] > authorizing via signed-in user (finn.bueno@gmail.com)
[debug] [2021-04-15T21:17:56.183Z] [iam] checking project dnd5e-character-sheet-manager for permissions ["cloudfunctions.functions.create","cloudfunctions.functions.delete","cloudfunctions.functions.get","cloudfunctions.functions.list","cloudfunctions.functions.update","cloudfunctions.operations.get","firebase.projects.get","firebasedatabase.instances.update","firebasehosting.sites.update","firebaserules.releases.create","firebaserules.releases.update","firebaserules.rulesets.create"]
[debug] [2021-04-15T21:17:56.186Z] >>> HTTP REQUEST POST https://cloudresourcemanager.googleapis.com/v1/projects/dnd5e-character-sheet-manager:testIamPermissions  
 {"permissions":["cloudfunctions.functions.create","cloudfunctions.functions.delete","cloudfunctions.functions.get","cloudfunctions.functions.list","cloudfunctions.functions.update","cloudfunctions.operations.get","firebase.projects.get","firebasedatabase.instances.update","firebasehosting.sites.update","firebaserules.releases.create","firebaserules.releases.update","firebaserules.rulesets.create"]}
[debug] [2021-04-15T21:17:56.849Z] <<< HTTP RESPONSE 200 {"content-type":"application/json; charset=UTF-8","vary":"X-Origin, Referer, Origin,Accept-Encoding","date":"Thu, 15 Apr 2021 21:17:58 GMT","server":"ESF","cache-control":"private","x-xss-protection":"0","x-frame-options":"SAMEORIGIN","x-content-type-options":"nosniff","server-timing":"gfet4t7; dur=582","alt-svc":"h3-29=\":443\"; ma=2592000,h3-T051=\":443\"; ma=2592000,h3-Q050=\":443\"; ma=2592000,h3-Q046=\":443\"; ma=2592000,h3-Q043=\":443\"; ma=2592000,quic=\":443\"; ma=2592000; v=\"46,43\"","accept-ranges":"none","transfer-encoding":"chunked"}
[debug] [2021-04-15T21:17:56.850Z] >>> HTTP REQUEST POST https://iam.googleapis.com/v1/projects/dnd5e-character-sheet-manager/serviceAccounts/dnd5e-character-sheet-manager@appspot.gserviceaccount.com:testIamPermissions  
 {"permissions":["iam.serviceAccounts.actAs"]}
[debug] [2021-04-15T21:17:57.480Z] <<< HTTP RESPONSE 200 {"content-type":"application/json; charset=UTF-8","vary":"X-Origin, Referer, Origin,Accept-Encoding","date":"Thu, 15 Apr 2021 21:17:58 GMT","server":"ESF","cache-control":"private","x-xss-protection":"0","x-frame-options":"SAMEORIGIN","x-content-type-options":"nosniff","alt-svc":"h3-29=\":443\"; ma=2592000,h3-T051=\":443\"; ma=2592000,h3-Q050=\":443\"; ma=2592000,h3-Q046=\":443\"; ma=2592000,h3-Q043=\":443\"; ma=2592000,quic=\":443\"; ma=2592000; v=\"46,43\"","accept-ranges":"none","transfer-encoding":"chunked"}
[debug] [2021-04-15T21:17:57.482Z] > refreshing access token with scopes: []
[debug] [2021-04-15T21:17:57.483Z] >>> HTTP REQUEST POST https://www.googleapis.com/oauth2/v3/token  
 <request body omitted>
[debug] [2021-04-15T21:17:57.561Z] <<< HTTP RESPONSE 200 {"expires":"Mon, 01 Jan 1990 00:00:00 GMT","date":"Thu, 15 Apr 2021 21:17:59 GMT","cache-control":"no-cache, no-store, max-age=0, must-revalidate","pragma":"no-cache","content-type":"application/json; charset=utf-8","vary":"X-Origin, Referer, Origin,Accept-Encoding","server":"scaffolding on HTTPServer2","x-xss-protection":"0","x-frame-options":"SAMEORIGIN","x-content-type-options":"nosniff","alt-svc":"h3-29=\":443\"; ma=2592000,h3-T051=\":443\"; ma=2592000,h3-Q050=\":443\"; ma=2592000,h3-Q046=\":443\"; ma=2592000,h3-Q043=\":443\"; ma=2592000,quic=\":443\"; ma=2592000; v=\"46,43\"","accept-ranges":"none","transfer-encoding":"chunked"}
[debug] [2021-04-15T21:17:57.571Z] >>> [apiv2][query] GET https://firebase.googleapis.com/v1beta1/projects/dnd5e-character-sheet-manager [none]
[debug] [2021-04-15T21:17:57.777Z] <<< [apiv2][status] GET https://firebase.googleapis.com/v1beta1/projects/dnd5e-character-sheet-manager 200
[debug] [2021-04-15T21:17:57.777Z] <<< [apiv2][body] GET https://firebase.googleapis.com/v1beta1/projects/dnd5e-character-sheet-manager {"projectId":"dnd5e-character-sheet-manager","projectNumber":"52790481162","displayName":"DnD5e-Character-Sheet-Manager","name":"projects/dnd5e-character-sheet-manager","resources":{"hostingSite":"dnd5e-character-sheet-manager","realtimeDatabaseInstance":"dnd5e-character-sheet-manager-default-rtdb","storageBucket":"dnd5e-character-sheet-manager.appspot.com","locationId":"europe-west"},"state":"ACTIVE"}
[debug] [2021-04-15T21:17:57.778Z] >>> [apiv2][query] GET https://firebase.googleapis.com/v1beta1/projects/dnd5e-character-sheet-manager [none]
[debug] [2021-04-15T21:17:57.967Z] <<< [apiv2][status] GET https://firebase.googleapis.com/v1beta1/projects/dnd5e-character-sheet-manager 200
[debug] [2021-04-15T21:17:57.967Z] <<< [apiv2][body] GET https://firebase.googleapis.com/v1beta1/projects/dnd5e-character-sheet-manager {"projectId":"dnd5e-character-sheet-manager","projectNumber":"52790481162","displayName":"DnD5e-Character-Sheet-Manager","name":"projects/dnd5e-character-sheet-manager","resources":{"hostingSite":"dnd5e-character-sheet-manager","realtimeDatabaseInstance":"dnd5e-character-sheet-manager-default-rtdb","storageBucket":"dnd5e-character-sheet-manager.appspot.com","locationId":"europe-west"},"state":"ACTIVE"}
[info] 
[info] === Deploying to 'dnd5e-character-sheet-manager'...
[info] 
[info] i  deploying database, storage, functions, hosting 
[info] Running command: npm --prefix "$RESOURCE_DIR" run build
